<?xml version="1.0" encoding="UTF-8"?>
<!-- Generated by org.testng.reporters.JUnitXMLReporter -->
<testsuite hostname="dineshkila" ignored="14" name="Sanity" tests="7" failures="4" timestamp="08 Mar 2023 10:48:43 GMT" time="35.715" errors="0">
  <testcase name="AddToCartTest" time="1.61" classname="com.swaglabs.testcases.AddToCartPageTest"/>
  <testcase name="ShoppingCartPageTest" time="1.68" classname="com.swaglabs.testcases.ShoppingCartPageTest"/>
  <testcase name="AddressPageTest" time="2.382" classname="com.swaglabs.testcases.AddressPageTest"/>
  <testcase name="loginTest" time="0.818" classname="com.swaglabs.testcases.LoginPageTest">
    <failure type="java.lang.AssertionError" message="expected [https://www.saucedemo.com/inventory.html] but found [https://www.saucedemo.com/]">
      <![CDATA[java.lang.AssertionError: expected [https://www.saucedemo.com/inventory.html] but found [https://www.saucedemo.com/]
at com.swaglabs.testcases.LoginPageTest.loginTest(LoginPageTest.java:48)
... Removed 31 stack frames]]>
    </failure>
  </testcase> <!-- loginTest -->
  <testcase name="loginTest" time="0.724" classname="com.swaglabs.testcases.LoginPageTest">
    <failure type="java.lang.AssertionError" message="expected [https://www.saucedemo.com/inventory.html] but found [https://www.saucedemo.com/]">
      <![CDATA[java.lang.AssertionError: expected [https://www.saucedemo.com/inventory.html] but found [https://www.saucedemo.com/]
at com.swaglabs.testcases.LoginPageTest.loginTest(LoginPageTest.java:48)
... Removed 31 stack frames]]>
    </failure>
  </testcase> <!-- loginTest -->
  <testcase name="loginTest" time="0.714" classname="com.swaglabs.testcases.LoginPageTest">
    <failure type="java.lang.AssertionError" message="expected [https://www.saucedemo.com/inventory.html] but found [https://www.saucedemo.com/]">
      <![CDATA[java.lang.AssertionError: expected [https://www.saucedemo.com/inventory.html] but found [https://www.saucedemo.com/]
at com.swaglabs.testcases.LoginPageTest.loginTest(LoginPageTest.java:48)
... Removed 31 stack frames]]>
    </failure>
  </testcase> <!-- loginTest -->
  <testcase name="loginTest" time="0.734" classname="com.swaglabs.testcases.LoginPageTest">
    <failure type="java.lang.AssertionError" message="expected [https://www.saucedemo.com/inventory.html] but found [https://www.saucedemo.com/]">
      <![CDATA[java.lang.AssertionError: expected [https://www.saucedemo.com/inventory.html] but found [https://www.saucedemo.com/]
at com.swaglabs.testcases.LoginPageTest.loginTest(LoginPageTest.java:48)
... Removed 31 stack frames]]>
    </failure>
  </testcase> <!-- loginTest -->
  <testcase name="verifyShoppingCart" time="0.0" classname="com.swaglabs.testcases.AddToCartPageTest">
    <ignored/>
  </testcase> <!-- verifyShoppingCart -->
  <testcase name="selectJacketTest" time="0.0" classname="com.swaglabs.testcases.HomePageTest">
    <ignored/>
  </testcase> <!-- selectJacketTest -->
  <testcase name="CheckOutPageTest" time="0.0" classname="com.swaglabs.testcases.CheckOutPageTest">
    <ignored/>
  </testcase> <!-- CheckOutPageTest -->
  <testcase name="@BeforeSuite ReadConfig" time="0.0" classname="com.swaglabs.base.BaseClass">
    <ignored/>
  </testcase> <!-- @BeforeSuite ReadConfig -->
  <testcase name="@BeforeSuite ReadConfig" time="0.0" classname="com.swaglabs.base.BaseClass">
    <ignored/>
  </testcase> <!-- @BeforeSuite ReadConfig -->
  <testcase name="@BeforeSuite ReadConfig" time="0.0" classname="com.swaglabs.base.BaseClass">
    <ignored/>
  </testcase> <!-- @BeforeSuite ReadConfig -->
  <testcase name="@BeforeSuite ReadConfig" time="0.0" classname="com.swaglabs.base.BaseClass">
    <ignored/>
  </testcase> <!-- @BeforeSuite ReadConfig -->
  <testcase name="@BeforeSuite ReadConfig" time="0.0" classname="com.swaglabs.base.BaseClass">
    <ignored/>
  </testcase> <!-- @BeforeSuite ReadConfig -->
  <testcase name="@AfterSuite afterSuite" time="0.0" classname="com.swaglabs.base.BaseClass">
    <ignored/>
  </testcase> <!-- @AfterSuite afterSuite -->
  <testcase name="@AfterSuite afterSuite" time="0.0" classname="com.swaglabs.base.BaseClass">
    <ignored/>
  </testcase> <!-- @AfterSuite afterSuite -->
  <testcase name="@AfterSuite afterSuite" time="0.0" classname="com.swaglabs.base.BaseClass">
    <ignored/>
  </testcase> <!-- @AfterSuite afterSuite -->
  <testcase name="@AfterSuite afterSuite" time="0.0" classname="com.swaglabs.base.BaseClass">
    <ignored/>
  </testcase> <!-- @AfterSuite afterSuite -->
  <testcase name="@AfterSuite afterSuite" time="0.0" classname="com.swaglabs.base.BaseClass">
    <ignored/>
  </testcase> <!-- @AfterSuite afterSuite -->
  <testcase name="verifyMyLogo" time="0.0" classname="com.swaglabs.testcases.HomePageTest">
    <ignored/>
  </testcase> <!-- verifyMyLogo -->
</testsuite> <!-- Sanity -->
