<?xml version="1.0" encoding="UTF-8"?>
<!-- Generated by org.testng.reporters.JUnitXMLReporter -->
<testsuite hostname="dineshkila" ignored="11" name="Smoke" tests="10" failures="4" timestamp="08 Mar 2023 10:46:12 GMT" time="50.305" errors="0">
  <testcase name="AddToCartTest" time="1.441" classname="com.swaglabs.testcases.AddToCartPageTest"/>
  <testcase name="verifyShoppingCart" time="1.064" classname="com.swaglabs.testcases.AddToCartPageTest"/>
  <testcase name="CheckOutPageTest" time="2.693" classname="com.swaglabs.testcases.CheckOutPageTest"/>
  <testcase name="ShoppingCartPageTest" time="1.653" classname="com.swaglabs.testcases.ShoppingCartPageTest"/>
  <testcase name="loginTest" time="0.858" classname="com.swaglabs.testcases.LoginPageTest">
    <failure type="java.lang.AssertionError" message="expected [https://www.saucedemo.com/inventory.html] but found [https://www.saucedemo.com/]">
      <![CDATA[java.lang.AssertionError: expected [https://www.saucedemo.com/inventory.html] but found [https://www.saucedemo.com/]
at com.swaglabs.testcases.LoginPageTest.loginTest(LoginPageTest.java:48)
... Removed 31 stack frames]]>
    </failure>
  </testcase> <!-- loginTest -->
  <testcase name="loginTest" time="0.699" classname="com.swaglabs.testcases.LoginPageTest">
    <failure type="java.lang.AssertionError" message="expected [https://www.saucedemo.com/inventory.html] but found [https://www.saucedemo.com/]">
      <![CDATA[java.lang.AssertionError: expected [https://www.saucedemo.com/inventory.html] but found [https://www.saucedemo.com/]
at com.swaglabs.testcases.LoginPageTest.loginTest(LoginPageTest.java:48)
... Removed 31 stack frames]]>
    </failure>
  </testcase> <!-- loginTest -->
  <testcase name="loginTest" time="0.708" classname="com.swaglabs.testcases.LoginPageTest">
    <failure type="java.lang.AssertionError" message="expected [https://www.saucedemo.com/inventory.html] but found [https://www.saucedemo.com/]">
      <![CDATA[java.lang.AssertionError: expected [https://www.saucedemo.com/inventory.html] but found [https://www.saucedemo.com/]
at com.swaglabs.testcases.LoginPageTest.loginTest(LoginPageTest.java:48)
... Removed 31 stack frames]]>
    </failure>
  </testcase> <!-- loginTest -->
  <testcase name="loginTest" time="0.836" classname="com.swaglabs.testcases.LoginPageTest">
    <failure type="java.lang.AssertionError" message="expected [https://www.saucedemo.com/inventory.html] but found [https://www.saucedemo.com/]">
      <![CDATA[java.lang.AssertionError: expected [https://www.saucedemo.com/inventory.html] but found [https://www.saucedemo.com/]
at com.swaglabs.testcases.LoginPageTest.loginTest(LoginPageTest.java:48)
... Removed 31 stack frames]]>
    </failure>
  </testcase> <!-- loginTest -->
  <testcase name="verifyMyLogo" time="0.866" classname="com.swaglabs.testcases.HomePageTest"/>
  <testcase name="AddressPageTest" time="2.32" classname="com.swaglabs.testcases.AddressPageTest"/>
  <testcase name="selectJacketTest" time="0.0" classname="com.swaglabs.testcases.HomePageTest">
    <ignored/>
  </testcase> <!-- selectJacketTest -->
  <testcase name="@BeforeSuite ReadConfig" time="0.0" classname="com.swaglabs.base.BaseClass">
    <ignored/>
  </testcase> <!-- @BeforeSuite ReadConfig -->
  <testcase name="@BeforeSuite ReadConfig" time="0.0" classname="com.swaglabs.base.BaseClass">
    <ignored/>
  </testcase> <!-- @BeforeSuite ReadConfig -->
  <testcase name="@BeforeSuite ReadConfig" time="0.0" classname="com.swaglabs.base.BaseClass">
    <ignored/>
  </testcase> <!-- @BeforeSuite ReadConfig -->
  <testcase name="@BeforeSuite ReadConfig" time="0.0" classname="com.swaglabs.base.BaseClass">
    <ignored/>
  </testcase> <!-- @BeforeSuite ReadConfig -->
  <testcase name="@BeforeSuite ReadConfig" time="0.0" classname="com.swaglabs.base.BaseClass">
    <ignored/>
  </testcase> <!-- @BeforeSuite ReadConfig -->
  <testcase name="@AfterSuite afterSuite" time="0.0" classname="com.swaglabs.base.BaseClass">
    <ignored/>
  </testcase> <!-- @AfterSuite afterSuite -->
  <testcase name="@AfterSuite afterSuite" time="0.0" classname="com.swaglabs.base.BaseClass">
    <ignored/>
  </testcase> <!-- @AfterSuite afterSuite -->
  <testcase name="@AfterSuite afterSuite" time="0.0" classname="com.swaglabs.base.BaseClass">
    <ignored/>
  </testcase> <!-- @AfterSuite afterSuite -->
  <testcase name="@AfterSuite afterSuite" time="0.0" classname="com.swaglabs.base.BaseClass">
    <ignored/>
  </testcase> <!-- @AfterSuite afterSuite -->
  <testcase name="@AfterSuite afterSuite" time="0.0" classname="com.swaglabs.base.BaseClass">
    <ignored/>
  </testcase> <!-- @AfterSuite afterSuite -->
</testsuite> <!-- Smoke -->
