<?xml version="1.0" encoding="UTF-8"?>
<!-- Generated by org.testng.reporters.JUnitXMLReporter -->
<testsuite hostname="dineshkila" ignored="10" name="Test" tests="11" failures="4" timestamp="24 Mar 2023 09:09:39 GMT" time="90.79" errors="0">
  <testcase name="@BeforeMethod setUp" time="2.342" classname="com.swaglabs.testcases.AddToCartPageTest">
    <failure type="org.openqa.selenium.WebDriverException" message="unknown error: net::ERR_INTERNET_DISCONNECTED
  (Session info: chrome=110.0.5481.178)
Build info: version: &amp;apos;4.4.0&amp;apos;, revision: &amp;apos;e5c75ed026a&amp;apos;
System info: host: &amp;apos;DINESHKILA&amp;apos;, ip: &amp;apos;127.0.0.1&amp;apos;, os.name: &amp;apos;Windows 10&amp;apos;, os.arch: &amp;apos;amd64&amp;apos;, os.version: &amp;apos;10.0&amp;apos;, java.version: &amp;apos;1.8.0_202&amp;apos;
Driver info: org.openqa.selenium.chrome.ChromeDriver
Command: [9f9e54f58fa6b15db312497391918f7c, get {url=https://www.saucedemo.com/}]
Capabilities {acceptInsecureCerts: false, browserName: chrome, browserVersion: 110.0.5481.178, chrome: {chromedriverVersion: 110.0.5481.77 (65ed616c6e8e..., userDataDir: C:\Users\Lenovo\AppData\Loc...}, goog:chromeOptions: {debuggerAddress: localhost:64343}, networkConnectionEnabled: false, pageLoadStrategy: normal, platformName: WINDOWS, proxy: Proxy(), se:cdp: ws://localhost:64343/devtoo..., se:cdpVersion: 110.0.5481.178, setWindowRect: true, strictFileInteractability: false, timeouts: {implicit: 0, pageLoad: 300000, script: 30000}, unhandledPromptBehavior: dismiss and notify, webauthn:extension:credBlob: true, webauthn:extension:largeBlob: true, webauthn:virtualAuthenticators: true}
Session ID: 9f9e54f58fa6b15db312497391918f7c">
      <![CDATA[org.openqa.selenium.WebDriverException: unknown error: net::ERR_INTERNET_DISCONNECTED
  (Session info: chrome=110.0.5481.178)
Build info: version: '4.4.0', revision: 'e5c75ed026a'
System info: host: 'DINESHKILA', ip: '127.0.0.1', os.name: 'Windows 10', os.arch: 'amd64', os.version: '10.0', java.version: '1.8.0_202'
Driver info: org.openqa.selenium.chrome.ChromeDriver
Command: [9f9e54f58fa6b15db312497391918f7c, get {url=https://www.saucedemo.com/}]
Capabilities {acceptInsecureCerts: false, browserName: chrome, browserVersion: 110.0.5481.178, chrome: {chromedriverVersion: 110.0.5481.77 (65ed616c6e8e..., userDataDir: C:\Users\Lenovo\AppData\Loc...}, goog:chromeOptions: {debuggerAddress: localhost:64343}, networkConnectionEnabled: false, pageLoadStrategy: normal, platformName: WINDOWS, proxy: Proxy(), se:cdp: ws://localhost:64343/devtoo..., se:cdpVersion: 110.0.5481.178, setWindowRect: true, strictFileInteractability: false, timeouts: {implicit: 0, pageLoad: 300000, script: 30000}, unhandledPromptBehavior: dismiss and notify, webauthn:extension:credBlob: true, webauthn:extension:largeBlob: true, webauthn:virtualAuthenticators: true}
Session ID: 9f9e54f58fa6b15db312497391918f7c
at org.openqa.selenium.remote.codec.w3c.W3CHttpResponseCodec.createException(W3CHttpResponseCodec.java:200)
at org.openqa.selenium.remote.codec.w3c.W3CHttpResponseCodec.decode(W3CHttpResponseCodec.java:133)
at org.openqa.selenium.remote.codec.w3c.W3CHttpResponseCodec.decode(W3CHttpResponseCodec.java:53)
at org.openqa.selenium.remote.HttpCommandExecutor.execute(HttpCommandExecutor.java:184)
at org.openqa.selenium.remote.service.DriverCommandExecutor.invokeExecute(DriverCommandExecutor.java:167)
at org.openqa.selenium.remote.service.DriverCommandExecutor.execute(DriverCommandExecutor.java:142)
at org.openqa.selenium.remote.RemoteWebDriver.execute(RemoteWebDriver.java:547)
at org.openqa.selenium.remote.RemoteWebDriver.get(RemoteWebDriver.java:310)
at com.swaglabs.base.BaseClass.launchApp(BaseClass.java:90)
at com.swaglabs.testcases.AddToCartPageTest.setUp(AddToCartPageTest.java:31)
... Removed 32 stack frames]]>
    </failure>
  </testcase> <!-- @BeforeMethod setUp -->
  <testcase name="@AfterMethod tearDown" time="0.0" classname="com.swaglabs.testcases.AddToCartPageTest">
    <skipped/>
  </testcase> <!-- @AfterMethod tearDown -->
  <testcase name="AddToCartTest" time="1.609" classname="com.swaglabs.testcases.AddToCartPageTest"/>
  <testcase name="verifyShoppingCart" time="0.0" classname="com.swaglabs.testcases.AddToCartPageTest">
    <skipped/>
  </testcase> <!-- verifyShoppingCart -->
  <testcase name="CheckOutPageTest" time="2.702" classname="com.swaglabs.testcases.CheckOutPageTest"/>
  <testcase name="ShoppingCartPageTest" time="1.564" classname="com.swaglabs.testcases.ShoppingCartPageTest"/>
  <testcase name="loginTest" time="0.643" classname="com.swaglabs.testcases.LoginPageTest">
    <failure type="java.lang.AssertionError" message="expected [https://www.saucedemo.com/inventory.html] but found [https://www.saucedemo.com/]">
      <![CDATA[java.lang.AssertionError: expected [https://www.saucedemo.com/inventory.html] but found [https://www.saucedemo.com/]
at com.swaglabs.testcases.LoginPageTest.loginTest(LoginPageTest.java:48)
... Removed 31 stack frames]]>
    </failure>
  </testcase> <!-- loginTest -->
  <testcase name="loginTest" time="0.649" classname="com.swaglabs.testcases.LoginPageTest">
    <failure type="java.lang.AssertionError" message="expected [https://www.saucedemo.com/inventory.html] but found [https://www.saucedemo.com/]">
      <![CDATA[java.lang.AssertionError: expected [https://www.saucedemo.com/inventory.html] but found [https://www.saucedemo.com/]
at com.swaglabs.testcases.LoginPageTest.loginTest(LoginPageTest.java:48)
... Removed 31 stack frames]]>
    </failure>
  </testcase> <!-- loginTest -->
  <testcase name="loginTest" time="0.792" classname="com.swaglabs.testcases.LoginPageTest">
    <failure type="java.lang.AssertionError" message="expected [https://www.saucedemo.com/inventory.html] but found [https://www.saucedemo.com/]">
      <![CDATA[java.lang.AssertionError: expected [https://www.saucedemo.com/inventory.html] but found [https://www.saucedemo.com/]
at com.swaglabs.testcases.LoginPageTest.loginTest(LoginPageTest.java:48)
... Removed 31 stack frames]]>
    </failure>
  </testcase> <!-- loginTest -->
  <testcase name="loginTest" time="0.619" classname="com.swaglabs.testcases.LoginPageTest">
    <failure type="java.lang.AssertionError" message="expected [https://www.saucedemo.com/inventory.html] but found [https://www.saucedemo.com/]">
      <![CDATA[java.lang.AssertionError: expected [https://www.saucedemo.com/inventory.html] but found [https://www.saucedemo.com/]
at com.swaglabs.testcases.LoginPageTest.loginTest(LoginPageTest.java:48)
... Removed 31 stack frames]]>
    </failure>
  </testcase> <!-- loginTest -->
  <testcase name="selectJacketTest" time="0.936" classname="com.swaglabs.testcases.HomePageTest"/>
  <testcase name="verifyMyLogo" time="0.794" classname="com.swaglabs.testcases.HomePageTest"/>
  <testcase name="AddressPageTest" time="2.348" classname="com.swaglabs.testcases.AddressPageTest"/>
  <testcase name="@BeforeSuite ReadConfig" time="0.0" classname="com.swaglabs.base.BaseClass">
    <ignored/>
  </testcase> <!-- @BeforeSuite ReadConfig -->
  <testcase name="@BeforeSuite ReadConfig" time="0.0" classname="com.swaglabs.base.BaseClass">
    <ignored/>
  </testcase> <!-- @BeforeSuite ReadConfig -->
  <testcase name="@BeforeSuite ReadConfig" time="0.0" classname="com.swaglabs.base.BaseClass">
    <ignored/>
  </testcase> <!-- @BeforeSuite ReadConfig -->
  <testcase name="@BeforeSuite ReadConfig" time="0.0" classname="com.swaglabs.base.BaseClass">
    <ignored/>
  </testcase> <!-- @BeforeSuite ReadConfig -->
  <testcase name="@BeforeSuite ReadConfig" time="0.0" classname="com.swaglabs.base.BaseClass">
    <ignored/>
  </testcase> <!-- @BeforeSuite ReadConfig -->
  <testcase name="@AfterSuite afterSuite" time="0.0" classname="com.swaglabs.base.BaseClass">
    <ignored/>
  </testcase> <!-- @AfterSuite afterSuite -->
  <testcase name="@AfterSuite afterSuite" time="0.0" classname="com.swaglabs.base.BaseClass">
    <ignored/>
  </testcase> <!-- @AfterSuite afterSuite -->
  <testcase name="@AfterSuite afterSuite" time="0.0" classname="com.swaglabs.base.BaseClass">
    <ignored/>
  </testcase> <!-- @AfterSuite afterSuite -->
  <testcase name="@AfterSuite afterSuite" time="0.0" classname="com.swaglabs.base.BaseClass">
    <ignored/>
  </testcase> <!-- @AfterSuite afterSuite -->
  <testcase name="@AfterSuite afterSuite" time="0.0" classname="com.swaglabs.base.BaseClass">
    <ignored/>
  </testcase> <!-- @AfterSuite afterSuite -->
</testsuite> <!-- Test -->
